Removed Pin From Net: NetName=GND Pin=PD?-1
Removed Member From Class: ClassName=DSD_SDR_MainBoard_Simple Member=PD?
Change Component Designator: OldDesignator=C? NewDesignator=C1
Change Component Designator: OldDesignator=D? NewDesignator=D1
Change Component Designator: OldDesignator=FB? NewDesignator=FB1
Change Component Designator: OldDesignator=FB? NewDesignator=FB2
Change Component Designator: OldDesignator=J? NewDesignator=J1
Change Component Designator: OldDesignator=L? NewDesignator=L1
Change Component Designator: OldDesignator=R? NewDesignator=R1
Change Component Designator: OldDesignator=R? NewDesignator=R2
Change Net Name : Old Net Name=NetC?_2 New Net Name=NetC1_2
Change Net Name : Old Net Name=NetD?_1 New Net Name=D+_N
Change Net Name : Old Net Name=NetD?_3 New Net Name=D+_P
Added Pin To Net: NetName=+5_SDR Pin=FB2-2
Added Net: Name=+5_SDR
Added Pin To Net: NetName=RF Pin=J1-1
Added Net: Name=RF
Added Pin To Net: NetName=SDR_D+_N Pin=D1-6
Added Net: Name=SDR_D+_N
Added Pin To Net: NetName=SDR_D+_P Pin=D1-4
Added Net: Name=SDR_D+_P
Added Member To Class: ClassName=DSD_SDR_MainBoard_Simple Member=Component FB2 600Ohm
Added Member To Class: ClassName=DSD_SDR_MainBoard_Simple Member=Component R2 5.1k
