Removed Pin From Net: NetName=RF Pin=J1-1
Removed Pin From Net: NetName=GND Pin=J1-2
Removed Pin From Net: NetName=GND Pin=J1-3
Removed Pin From Net: NetName=GND Pin=J1-4
Removed Pin From Net: NetName=GND Pin=J1-5
Removed Member From Class: ClassName=DSD_SDR_MainBoard_Simple Member=J1
Added Component: Designator=J?(RFSOLUTIONS_CON-SMA-EDGE-S)
Add component (AddParameter): Name = "Check_prices"; Value = "https://www.snapeda.com/parts/CON-SMA-EDGE-S/RF+Solutions/view-part/?ref=eda"; VariantName = "[No Variations]"
Add component (AddParameter): Name = "Digi-Key_Part_Number"; Value = "CON-SMA-EDGE-S-ND"; VariantName = "[No Variations]"
Add component (AddParameter): Name = "MF"; Value = "RF Solutions"; VariantName = "[No Variations]"
Add component (AddParameter): Name = "MP"; Value = "CON-SMA-EDGE-S"; VariantName = "[No Variations]"
Add component (AddParameter): Name = "Package"; Value = "None"; VariantName = "[No Variations]"
Add component (AddParameter): Name = "Purchase-URL"; Value = "https://pricing.snapeda.com/search/part/CON-SMA-EDGE-S/?ref=eda"; VariantName = "[No Variations]"
Add component (AddParameter): Name = "SnapEDA_Link"; Value = "https://www.snapeda.com/parts/CON-SMA-EDGE-S/RF+Solutions/view-part/?ref=snap"; VariantName = "[No Variations]"
Add component (AddParameter): Name = "Value"; Value = ""; VariantName = "[No Variations]"
Added Component: Designator=SDR?(SDR)
Added Pin To Net: NetName=RF Pin=J?-1
Added Pin To Net: NetName=GND Pin=J?-G1
Added Pin To Net: NetName=GND Pin=J?-G2
Added Pin To Net: NetName=GND Pin=J?-G3
Added Pin To Net: NetName=GND Pin=J?-G4
Added Pin To Net: NetName=+5_SDR Pin=SDR?-1
Added Pin To Net: NetName=SDR_D+_P Pin=SDR?-2
Added Pin To Net: NetName=SDR_D-_N Pin=SDR?-3
Added Pin To Net: NetName=GND Pin=SDR?-4
Added Pin To Net: NetName=GND Pin=SDR?-4
Added Pin To Net: NetName=GND Pin=SDR?-4
Added Pin To Net: NetName=GND Pin=SDR?-4
Added Pin To Net: NetName=GND Pin=SDR?-4
Added Pin To Net: NetName=GND Pin=SDR?-4
Added Pin To Net: NetName=GND Pin=SDR?-4
Added Pin To Net: NetName=GND Pin=SDR?-4
Added Pin To Net: NetName=GND Pin=SDR?-4
Added Pin To Net: NetName=GND Pin=SDR?-4
Added Pin To Net: NetName=RF Pin=SDR?-7
Added Member To Class: ClassName=DSD_SDR_MainBoard_Simple Member=Component J? CON-SMA-EDGE-S
Added Member To Class: ClassName=DSD_SDR_MainBoard_Simple Member=Component SDR? SDR_Module
